/var/www/jexgrid/production/deps.js
/var/www/jexgrid/production/array_extension.js
/var/www/jexgrid/production/engine_extension.js
/var/www/jexgrid/production/base.js
/var/www/jexgrid/production/util.js
/var/www/jexgrid/production/Tracer.js
/var/www/jexgrid/production/utiljquery.js
/var/www/jexgrid/production/bootstrap.js
/var/www/jexgrid/production/renderer.js
/var/www/jexgrid/production/Disposable.js
/var/www/jexgrid/production/Cell.js
/var/www/jexgrid/production/EventDispatcher.js
/var/www/jexgrid/production/Column.js
/var/www/jexgrid/production/BaseModule.js
/var/www/jexgrid/production/DataManager.js
/var/www/jexgrid/production/EventManager.js
/var/www/jexgrid/production/Tree.js
/var/www/jexgrid/production/Grid.js
/var/www/jexgrid/production/SelectionManager.js
/var/www/jexgrid/production/EditManager.js
/var/www/jexgrid/production/TooltipManager.js
/var/www/jexgrid/production/PrintManager.js
/var/www/jexgrid/production/ViewportManager.js
/var/www/jexgrid/production/ColumnManager.js
/var/www/jexgrid/production/MenuBar.js
/var/www/jexgrid/production/Footer.js
/var/www/jexgrid/production/ColumnHeader.js
/var/www/jexgrid/production/CheckManager.js
/var/www/jexgrid/production/Collapser.js
/var/www/jexgrid/production/ColumnGroup.js
/var/www/jexgrid/production/DataCreator.js
/var/www/jexgrid/production/SearchManager.js
