_mask:I
_getDef:Fd
_mouseleave:Oc
_renderRow:Wc
CONST:rd
_onRemoveDatalist:eb
_setRange:hb
_NAVKEYS:oc
_mouseenter:Mc
_onAddDatarow:ub
_onIdListChange:Kf
_mouseup:Ia
_onDestroy:Ff
beingCommitted:le
_processData:Sc
_deleteEditor:zc
UID_PROPERTY_:Hb
_sumRenderer:$c
_deleteMap:Aa
_getColCellClasses:Cc
defaultAction:fd
scrollbarDim:xe
onAfterRerender:Tg
_autoColWidth:Bh
identityFunction:Ai
_idToIdx:bb
number:Rg
_rerender:Wd
partial:Xi
_resizeHandleOffset:$f
datarow:ug
fullscreen:oi
editor:W
_nameMap:Qd
_extend:ba
_removeGlobal:Rh
gt:xi
executeInsert:li
array:ke
_makeParent:qf
res:kh
F:xh
_destroy:H
neq:Mi
_syncResizeHandles:Zd
lastW:mb
_lastScrollLeft:Ld
gridMap:gd
T:zh
_filterRefresh:Rb
_onAfterFilter:yf
exportSymbol:L
instance_:Ig
maxCol:Gi
f2:ni
onUpdateDatarow:ah
_delete$:rb
f:Cg
_cols:Xa
_getFirstVisibleRow:bf
e:pe
datalist:U
exportSymbol_:qe
onBeforeDataChange:Ug
bindJs_:ng
radioW:eh
_getPadding:Ec
h:yi
_lastRowLen:Lc
t:nh
base:Zh
radioH:dh
_hasFilter:hf
_increment:Ub
_getRowOuterHeight:pa
updateListUniqueMap:uh
_dblclick:vc
_change:xd
colDef:ei
_onFilter:Gf
_ctnr:G
_options:A
_onGetCellClass:Hf
titlebar:gj
_onGetColCellClass:If
_onChangeSorter:Bf
_syncMasterInput:Cb
_dragoverCanvas:Te
_parseAndAdd:yb
DEBUG:Ae
newId:jd
removeListFromUniqueMap:ih
_stringFilter:hg
_renderShift:Th
_renderCell:Vd
and:je
_onAfterRenderModules:Rc
_menubar:rf
lastH:lb
getObjectByName:D
node:kd
_globalMap:Tb
_unbindGlobalEvents:ig
childrenMap:ja
_checkboxWidth:uc
_setColLefts:Yc
cssNameMappingStyle_:tg
__init:N
mapDatatype:Og
globalize:vi
_codeMap:Qb
addToUniqueMap:kg
removeListFromIdMap:hh
_addHandler:pc
_registerLink:Rf
cancelMouseEvent:ai
pgdn:Yi
onCreateDynamicCss:Vg
inputOnCreate:Bi
superClass_:jc
_mouseoutCanvas:uf
_calCanvasHeight:tc
_getRowInnerHeight:Fc
_registerGlobal:Qf
_checkDisable:Ge
_filter:Na
_registerFilter:Pf
_shown:ia
maxRow:Hi
_getFirstVisibleCol:Kh
_idMode:ua
comparator:sg
executeUpdate:mi
removeUniqueIndex:we
LOCALE:yh
_PGDN:Kb
_colWidthPlus:Ad
makeCompositeKeyList:hd
_parentMap:xb
_advButton:Ah
_comparator:Dh
setCssNameMapping:cj
onRenderHeadersComplete:Ui
_deleteStyle:Oe
manager:Ng
_onRenderHeader:vb
_LEFT:Jb
_onAddDatalist:Rd
addListToUniqueMap:ee
updateListIdMap:th
updateUniqueIndices:Ka
_idToData:la
_reidx:Ra
or:Vi
_SCROLLBAR:Nb
_dragmove:Se
_bindEvents:sc
_canvasFind:wd
_mouseout:Pc
getMsg:ti
getCheckboxByIdx:pi
_deleteContents:Me
_updateShownCount:ce
_onRemoveDatarow:Qa
_colDefs:Ea
mapped:ue
_removeList:Vc
removeUid:jh
_resizeInitX:Xc
_getFirstRowForSafe:af
_beginEditKeys:De
_redoHistory:xa
lt:Fi
space:md
_isSelected:Ph
checkboxH:pg
_getFirstSafeVisibleCol:Hd
_getRenderRange:Jd
addUniqueIndices:ie
fillTempList:Eg
checkboxW:qg
_triggerMouseEvent:fa
_renderedRows:ca
_getWidth:Mh
_rollback:bc
_getCellSelector:Bc
onCheckChange:Ri
getCssName:qi
_getColInnerWidthByKey:Gh
unknown:qh
_uncheck:ib
_getFirstColForSafe:Jh
_getClosestCell:Dd
_collapsed:S
_keydownCanvas:sb
_disabled:Ya
_getLastSafeVisibleRow:df
_onIdChange:Jf
_keyup:Kc
isDateLike:Ei
_DOWN:Ib
_getCollapser:Ed
fillTemp:Dg
_creator:Ke
_calCanvasWidth:ud
exportProperty:Bg
_getMaster:Dc
_getChecks:Xe
isArrayLike:Ci
inherits:Db
level:Wa
executeDelete:ki
_registerLinks:Sf
collapser:jb
_heightPlus:jf
_removeAll:Tf
abstractMethod:Wh
enter:gc
_rollbackList:cc
_resizeInitWidth:ac
enableNode:zg
_canvas:oa
_target:Ta
validateList:pd
cloneObject:rg
_getColLefts:Hh
_setCanvasWidth:dg
_getCellIdxToNavigate:We
_auto:nb
_update:ad
_onCollapserTreeChange:Df
_deleteContent:Le
_mousedownCanvas:sf
_onRenderModules:wb
_getFirstSafeVisibleRow:Id
_setWidthByKey:gg
_clickHeaderValid:He
_check:ob
_setLast:Bb
_mouseoverCanvas:vf
removeUniqueIndices:Fb
onCreateCss:Ti
_radioHeight:Td
_count:Ma
_filterMap:Ga
_updateList:bd
_onCheckChange:Cf
_onCreateDynamicCss:Ef
getKeyByIdx:si
changes:bi
_globalEventsBound:Sb
_getColCellClass:Ze
_removeRowsExcept:Yf
_resizeWidth:ag
disabledmap:kb
maxW:Ii
validate:ze
_last:K
_deleteArray:yc
_keyToIdx:qa
_closest:zd
_colLefts:ka
_calSum:vd
_onRenderCell:Wb
_getDx:Gd
_renderer:Zf
timers:ye
_adv:sd
isDef:Jg
cell:Va
_masterInput:Pd
onCollapserTreeChange:Si
_mousemove:cb
_add:Q
_removeAllOptions:Uf
andor:lg
desc:fc
_style:Vh
getHashCode:ri
_updateTotalCount:de
date:vg
_keypress:Jc
lexi:Mg
_reidxFrom:Uc
_setCheck:eg
_bindGlobalEvents:Ee
_updateMaster:be
onRemoveDatalist:Yg
_search:bg
_action:La
_onUpdateDatalist:Xb
_addData:Pb
nullFunction:Pi
_checkboxHeight:yd
_keyToDef:va
up:od
_createCss:Ie
_resizeMap:fb
_setCanvasHeight:cg
checkMgr:me
bindNative_:og
string:mh
isDefAndNotNull:Kg
_removeFromMaps:Wf
_range:ea
down:ii
minCol:Ji
_tree:O
noSearch:Qg
provide:aj
_addToMaps:Be
_getClosestRowIdx:Eh
isBoolean:Di
_setSelMap:dc
_before:td
_keydown:Hc
updateUniqueIndex:lc
_RIGHT:Mb
makeCompositeKey:ic
_setClass:gb
_dblclickCanvas:wc
_parse:Of
_map:R
_getLastSafeVisibleCol:cf
uidCounter_:ph
_idxToCell:V
removeFromUniqueMap:gh
_getLastVisibleCol:Lh
_sorter:Yd
disableNode:yg
classList:ed
_mouseover:Qc
parseList:ld
_createTag:Je
minRow:Ki
_onScrollViewportH:Mf
onIdChange:Wg
_dynStyle:Ue
_lastScrollTop:Md
_hasHScrollbar:Nh
idKey:M
_PGUP:Lb
_makeTree:Od
_HOME:nc
_initResizeHandles:lf
noTitle:Oi
_keydownColSel:Ic
_datarow:aa
_remove:Ba
_resize:Zb
_globalEvents:$a
addOrRemoveCss:fe
tooltipEnabled:oh
headerStyle:Hg
addSingletonGetter:Yh
noName:Ni
_getRowSelector:gf
mixin:Li
_onScrollViewportV:Nf
_END:mc
_resizeInitColWidth:$b
colClass:di
evalWorksForGlobals_:hc
_onAfterSetDatalist:zf
_render:zb
getUid:Fg
removeHashCode:bj
_master:sa
_composite:Fa
hasKey:zi
esc:Ag
_mousedown:tb
_getClosestRow:Ye
ENABLE_DEBUG_LOADER:wh
goog:wi
_head:Ha
_getColInnerWidth:Fh
_resizeGuide:Sa
updateIdMap:sh
_onCreateCss:Y
_getColOuterWidthByKey:Ih
onRemoveDatarow:Zg
pgup:Zi
_moveResizeHandles:wf
enableAll:ji
_UP:Ob
_filtered:da
getBoundingRect:se
tag:Da
tab:fj
updateUniqueMap:vh
_removeOption:Sh
_beforedispose:Ch
_tag:$d
basePath:$h
tree:kc
_addSelMap:rc
_lockExist:Nd
resizable:lh
_tagMap:Ja
_resizeHandleInitX:Ab
_disableSel:Re
_updateSums:jg
_calHeight:Fe
removeFromIdMap:fh
_initSumCells:mf
_given:Oa
_registerOption:Tc
keyToType:Lg
_sort:ec
_defaultOptions:xc
_vars:J
onAfterRefresh:Sg
validator:qd
failed:re
onIdListChange:Xg
_widthPlus:cd
_lexi:pf
_destroyResizeHandles:Pe
typeOf:Gb
minW:ve
_mousemoveCanvas:tf
_notReal:wa
_numberFilter:xf
channelmode:ci
_isEdited:nf
toSelect:nd
_handlers:ab
del:xg
_isParent:of
_history:ta
_getLastVisibleRow:ef
_getCellMap:Cd
cssNameMapping_:oe
propertyIsEnumerable_:$i
module:Pg
unmapped:hj
_getRowMap:Kd
_onBeforeCreateSelCss:Sd
_radioWidth:Ud
unsetDrag:rh
_setWidth:fg
mid:C
_finish:Bd
_hasVScrollbar:Oh
containsEvent:ne
addDependency:Xh
_click:pb
_sumMap:Zc
dataMgr:gi
colDefs:fi
nodeId:ha
sumRenderer:ej
_lockedRows:ra
_inputMap:Vb
head:Gg
addToIdMap:ge
_CONST:za
propertyIsEnumerableCustom_:bh
_appendRows:Ce
_scroll:Xd
property:ya
_foot:Ac
onBeforeCreateSelCss:Qi
getInstance:X
befores:mg
_tooltip:Ua
_recreateDynamicCss:Qh
onUpdateDatalist:$g
_getRangeMap:ff
addListToIdMap:dd
_addList:qc
_onReorderCols:Lf
setTestOnly:dj
parser:Eb
uniqueMap:na
_onBeforeRerender:Af
_global:Pa
_reset:Uh
_updateIndicator:ae
_onUpdateDatarow:Yb
_removeAndRenderRows:Vf
_initReorder:kf
_consts:B
_colDef:Z
_getColOuterWidth:$e
_filters:Za
_deleteModule:Ne
_removeRows:Xf
infants:ga
_cssUnselectable:qb
cacheModule:P
defaultPrevented:wg
_disableMap:Qe
parseWhere:Wi
_rows:Ca
_mousein:Nc
addUniqueIndex:he
_keyToName:Gc
_fitHeight:Ve
_resizeKey:ma
getNextCell:te
disableAll:hi
